# JRE version: Java(TM) SE Runtime Environment (17.0.2+8) (build 17.0.2+8-LTS-86)
# Java VM: Java HotSpot(TM) 64-Bit Server VM (17.0.2+8-LTS-86, mixed mode, sharing, tiered, compressed oops, compressed class ptrs, g1 gc, windows-amd64)
GC Precious Log:
 CPUs: 12 total, 12 available
 Memory: 32691M
 Large Page Support: Disabled
 NUMA Support: Disabled
 Compressed Oops: Enabled (Zero based)
 Heap Region Size: 4M
 Heap Min Capacity: 8M
 Heap Initial Capacity: 512M
 Heap Max Capacity: 8176M
 Pre-touch: Disabled
 Parallel Workers: 10
 Concurrent Workers: 3
 Concurrent Refinement Workers: 10
 Periodic GC: Disabled
Heap:
 garbage-first heap   total 524288K, used 91498K [0x0000000601000000, 0x0000000800000000)
  region size 4096K, 5 young (20480K), 2 survivors (8192K)
 Metaspace       used 14248K, committed 14464K, reserved 1064960K
  class space    used 1100K, committed 1216K, reserved 1048576K
GC Heap History (12 events):
Event: 1.965 GC heap before
{Heap before GC invocations=0 (full 0):
 garbage-first heap   total 524288K, used 90112K [0x0000000601000000, 0x0000000800000000)
  region size 4096K, 6 young (24576K), 0 survivors (0K)
 Metaspace       used 2788K, committed 2944K, reserved 1056768K
  class space    used 180K, committed 256K, reserved 1048576K
}
Event: 1.966 GC heap after
{Heap after GC invocations=1 (full 0):
 garbage-first heap   total 524288K, used 75275K [0x0000000601000000, 0x0000000800000000)
  region size 4096K, 1 young (4096K), 1 survivors (4096K)
 Metaspace       used 2788K, committed 2944K, reserved 1056768K
  class space    used 180K, committed 256K, reserved 1048576K
}
Event: 2.135 GC heap before
{Heap before GC invocations=1 (full 0):
 garbage-first heap   total 524288K, used 95755K [0x0000000601000000, 0x0000000800000000)
  region size 4096K, 6 young (24576K), 1 survivors (4096K)
 Metaspace       used 7011K, committed 7232K, reserved 1064960K
  class space    used 221K, committed 320K, reserved 1048576K
}
Event: 2.137 GC heap after
{Heap after GC invocations=2 (full 0):
 garbage-first heap   total 524288K, used 75695K [0x0000000601000000, 0x0000000800000000)
  region size 4096K, 1 young (4096K), 1 survivors (4096K)
 Metaspace       used 7011K, committed 7232K, reserved 1064960K
  class space    used 221K, committed 320K, reserved 1048576K
}
Event: 2.368 GC heap before
{Heap before GC invocations=2 (full 0):
 garbage-first heap   total 524288K, used 145327K [0x0000000601000000, 0x0000000800000000)
  region size 4096K, 18 young (73728K), 1 survivors (4096K)
 Metaspace       used 7015K, committed 7232K, reserved 1064960K
  class space    used 221K, committed 320K, reserved 1048576K
}
Event: 2.368 GC heap after
{Heap after GC invocations=3 (full 0):
 garbage-first heap   total 524288K, used 75601K [0x0000000601000000, 0x0000000800000000)
  region size 4096K, 1 young (4096K), 1 survivors (4096K)
 Metaspace       used 7015K, committed 7232K, reserved 1064960K
  class space    used 221K, committed 320K, reserved 1048576K
}
Event: 3.264 GC heap before
{Heap before GC invocations=3 (full 0):
 garbage-first heap   total 524288K, used 382801K [0x0000000601000000, 0x0000000800000000)
  region size 4096K, 76 young (311296K), 1 survivors (4096K)
 Metaspace       used 14231K, committed 14464K, reserved 1064960K
  class space    used 1100K, committed 1216K, reserved 1048576K
}
Event: 3.265 GC heap after
{Heap after GC invocations=4 (full 0):
 garbage-first heap   total 524288K, used 83149K [0x0000000601000000, 0x0000000800000000)
  region size 4096K, 2 young (8192K), 2 survivors (8192K)
 Metaspace       used 14231K, committed 14464K, reserved 1064960K
  class space    used 1100K, committed 1216K, reserved 1048576K
}
Event: 3.359 GC heap before
{Heap before GC invocations=4 (full 0):
 garbage-first heap   total 524288K, used 386253K [0x0000000601000000, 0x0000000800000000)
  region size 4096K, 76 young (311296K), 2 survivors (8192K)
 Metaspace       used 14244K, committed 14464K, reserved 1064960K
  class space    used 1100K, committed 1216K, reserved 1048576K
}
Event: 3.360 GC heap after
{Heap after GC invocations=5 (full 0):
 garbage-first heap   total 524288K, used 84454K [0x0000000601000000, 0x0000000800000000)
  region size 4096K, 3 young (12288K), 3 survivors (12288K)
 Metaspace       used 14244K, committed 14464K, reserved 1064960K
  class space    used 1100K, committed 1216K, reserved 1048576K
}
Event: 3.427 GC heap before
{Heap before GC invocations=5 (full 0):
 garbage-first heap   total 524288K, used 383462K [0x0000000601000000, 0x0000000800000000)
  region size 4096K, 76 young (311296K), 3 survivors (12288K)
 Metaspace       used 14247K, committed 14464K, reserved 1064960K
  class space    used 1100K, committed 1216K, reserved 1048576K
}
Event: 3.428 GC heap after
{Heap after GC invocations=6 (full 0):
 garbage-first heap   total 524288K, used 83306K [0x0000000601000000, 0x0000000800000000)
  region size 4096K, 2 young (8192K), 2 survivors (8192K)
 Metaspace       used 14247K, committed 14464K, reserved 1064960K
  class space    used 1100K, committed 1216K, reserved 1048576K
}

