# JRE version: Java(TM) SE Runtime Environment (17.0.2+8) (build 17.0.2+8-LTS-86)
# Java VM: Java HotSpot(TM) 64-Bit Server VM (17.0.2+8-LTS-86, mixed mode, sharing, tiered, compressed oops, compressed class ptrs, g1 gc, windows-amd64)
GC Precious Log:
 CPUs: 12 total, 12 available
 Memory: 32691M
 Large Page Support: Disabled
 NUMA Support: Disabled
 Compressed Oops: Enabled (Zero based)
 Heap Region Size: 4M
 Heap Min Capacity: 8M
 Heap Initial Capacity: 512M
 Heap Max Capacity: 8176M
 Pre-touch: Disabled
 Parallel Workers: 10
 Concurrent Workers: 3
 Concurrent Refinement Workers: 10
 Periodic GC: Disabled
Heap:
 garbage-first heap   total 524288K, used 309774K [0x0000000601000000, 0x0000000800000000)
  region size 4096K, 58 young (237568K), 2 survivors (8192K)
 Metaspace       used 14352K, committed 14528K, reserved 1064960K
  class space    used 1104K, committed 1216K, reserved 1048576K
GC Heap History (20 events):
Event: 4.207 GC heap before
{Heap before GC invocations=10 (full 0):
 garbage-first heap   total 524288K, used 386363K [0x0000000601000000, 0x0000000800000000)
  region size 4096K, 76 young (311296K), 2 survivors (8192K)
 Metaspace       used 14233K, committed 14464K, reserved 1064960K
  class space    used 1101K, committed 1216K, reserved 1048576K
}
Event: 4.208 GC heap after
{Heap after GC invocations=11 (full 0):
 garbage-first heap   total 524288K, used 81644K [0x0000000601000000, 0x0000000800000000)
  region size 4096K, 2 young (8192K), 2 survivors (8192K)
 Metaspace       used 14233K, committed 14464K, reserved 1064960K
  class space    used 1101K, committed 1216K, reserved 1048576K
}
Event: 4.325 GC heap before
{Heap before GC invocations=11 (full 0):
 garbage-first heap   total 524288K, used 384748K [0x0000000601000000, 0x0000000800000000)
  region size 4096K, 76 young (311296K), 2 survivors (8192K)
 Metaspace       used 14235K, committed 14464K, reserved 1064960K
  class space    used 1101K, committed 1216K, reserved 1048576K
}
Event: 4.326 GC heap after
{Heap after GC invocations=12 (full 0):
 garbage-first heap   total 524288K, used 81602K [0x0000000601000000, 0x0000000800000000)
  region size 4096K, 2 young (8192K), 2 survivors (8192K)
 Metaspace       used 14235K, committed 14464K, reserved 1064960K
  class space    used 1101K, committed 1216K, reserved 1048576K
}
Event: 4.438 GC heap before
{Heap before GC invocations=12 (full 0):
 garbage-first heap   total 524288K, used 384706K [0x0000000601000000, 0x0000000800000000)
  region size 4096K, 76 young (311296K), 2 survivors (8192K)
 Metaspace       used 14238K, committed 14464K, reserved 1064960K
  class space    used 1101K, committed 1216K, reserved 1048576K
}
Event: 4.439 GC heap after
{Heap after GC invocations=13 (full 0):
 garbage-first heap   total 524288K, used 83236K [0x0000000601000000, 0x0000000800000000)
  region size 4096K, 2 young (8192K), 2 survivors (8192K)
 Metaspace       used 14238K, committed 14464K, reserved 1064960K
  class space    used 1101K, committed 1216K, reserved 1048576K
}
Event: 4.557 GC heap before
{Heap before GC invocations=13 (full 0):
 garbage-first heap   total 524288K, used 386340K [0x0000000601000000, 0x0000000800000000)
  region size 4096K, 76 young (311296K), 2 survivors (8192K)
 Metaspace       used 14240K, committed 14464K, reserved 1064960K
  class space    used 1101K, committed 1216K, reserved 1048576K
}
Event: 4.558 GC heap after
{Heap after GC invocations=14 (full 0):
 garbage-first heap   total 524288K, used 83174K [0x0000000601000000, 0x0000000800000000)
  region size 4096K, 2 young (8192K), 2 survivors (8192K)
 Metaspace       used 14240K, committed 14464K, reserved 1064960K
  class space    used 1101K, committed 1216K, reserved 1048576K
}
Event: 4.649 GC heap before
{Heap before GC invocations=14 (full 0):
 garbage-first heap   total 524288K, used 386278K [0x0000000601000000, 0x0000000800000000)
  region size 4096K, 76 young (311296K), 2 survivors (8192K)
 Metaspace       used 14240K, committed 14464K, reserved 1064960K
  class space    used 1101K, committed 1216K, reserved 1048576K
}
Event: 4.650 GC heap after
{Heap after GC invocations=15 (full 0):
 garbage-first heap   total 524288K, used 83090K [0x0000000601000000, 0x0000000800000000)
  region size 4096K, 2 young (8192K), 2 survivors (8192K)
 Metaspace       used 14240K, committed 14464K, reserved 1064960K
  class space    used 1101K, committed 1216K, reserved 1048576K
}
Event: 4.768 GC heap before
{Heap before GC invocations=15 (full 0):
 garbage-first heap   total 524288K, used 382098K [0x0000000601000000, 0x0000000800000000)
  region size 4096K, 76 young (311296K), 2 survivors (8192K)
 Metaspace       used 14240K, committed 14464K, reserved 1064960K
  class space    used 1101K, committed 1216K, reserved 1048576K
}
Event: 4.769 GC heap after
{Heap after GC invocations=16 (full 0):
 garbage-first heap   total 524288K, used 82880K [0x0000000601000000, 0x0000000800000000)
  region size 4096K, 2 young (8192K), 2 survivors (8192K)
 Metaspace       used 14240K, committed 14464K, reserved 1064960K
  class space    used 1101K, committed 1216K, reserved 1048576K
}
Event: 4.870 GC heap before
{Heap before GC invocations=16 (full 0):
 garbage-first heap   total 524288K, used 385984K [0x0000000601000000, 0x0000000800000000)
  region size 4096K, 76 young (311296K), 2 survivors (8192K)
 Metaspace       used 14241K, committed 14464K, reserved 1064960K
  class space    used 1101K, committed 1216K, reserved 1048576K
}
Event: 4.871 GC heap after
{Heap after GC invocations=17 (full 0):
 garbage-first heap   total 524288K, used 81762K [0x0000000601000000, 0x0000000800000000)
  region size 4096K, 2 young (8192K), 2 survivors (8192K)
 Metaspace       used 14241K, committed 14464K, reserved 1064960K
  class space    used 1101K, committed 1216K, reserved 1048576K
}
Event: 4.973 GC heap before
{Heap before GC invocations=17 (full 0):
 garbage-first heap   total 524288K, used 384866K [0x0000000601000000, 0x0000000800000000)
  region size 4096K, 76 young (311296K), 2 survivors (8192K)
 Metaspace       used 14268K, committed 14464K, reserved 1064960K
  class space    used 1104K, committed 1216K, reserved 1048576K
}
Event: 4.974 GC heap after
{Heap after GC invocations=18 (full 0):
 garbage-first heap   total 524288K, used 83484K [0x0000000601000000, 0x0000000800000000)
  region size 4096K, 2 young (8192K), 2 survivors (8192K)
 Metaspace       used 14268K, committed 14464K, reserved 1064960K
  class space    used 1104K, committed 1216K, reserved 1048576K
}
Event: 5.108 GC heap before
{Heap before GC invocations=18 (full 0):
 garbage-first heap   total 524288K, used 382492K [0x0000000601000000, 0x0000000800000000)
  region size 4096K, 76 young (311296K), 2 survivors (8192K)
 Metaspace       used 14311K, committed 14528K, reserved 1064960K
  class space    used 1104K, committed 1216K, reserved 1048576K
}
Event: 5.109 GC heap after
{Heap after GC invocations=19 (full 0):
 garbage-first heap   total 524288K, used 83737K [0x0000000601000000, 0x0000000800000000)
  region size 4096K, 2 young (8192K), 2 survivors (8192K)
 Metaspace       used 14311K, committed 14528K, reserved 1064960K
  class space    used 1104K, committed 1216K, reserved 1048576K
}
Event: 5.226 GC heap before
{Heap before GC invocations=19 (full 0):
 garbage-first heap   total 524288K, used 386841K [0x0000000601000000, 0x0000000800000000)
  region size 4096K, 76 young (311296K), 2 survivors (8192K)
 Metaspace       used 14349K, committed 14528K, reserved 1064960K
  class space    used 1104K, committed 1216K, reserved 1048576K
}
Event: 5.226 GC heap after
{Heap after GC invocations=20 (full 0):
 garbage-first heap   total 524288K, used 84494K [0x0000000601000000, 0x0000000800000000)
  region size 4096K, 2 young (8192K), 2 survivors (8192K)
 Metaspace       used 14349K, committed 14528K, reserved 1064960K
  class space    used 1104K, committed 1216K, reserved 1048576K
}

